c[?7l[2J[0mSeaBIOS (version 1.13.0-1ubuntu1.1)


iPXE (http://ipxe.org) 00:03.0 CA00 PCI2.10 PnP PMM+07F8CA10+07ECCA10 CA00
Press Ctrl-B to configure iPXE (PCI 00:03.0)...                                                                               


Booting from Hard Disk..(THU.CST) os is loading ...

Special kernel symbols:
  entry  0x00100000 (phys)
  etext  0x00103a17 (phys)
  edata  0x00110a16 (phys)
  end    0x00111d80 (phys)
Kernel executable memory footprint: 72KB
ebp:0x00007b28 eip:0x00100af7
arg :0x00010094 0x00010094 0x00007b58 0x001000ce
    kern/debug/kdebug.c:306: print_stackframe+26
ebp:0x00007b38 eip:0x00100df4
arg :0x00000000 0x00000000 0x00000000 0x00007ba8
    kern/debug/kmonitor.c:125: mon_backtrace+14
ebp:0x00007b58 eip:0x001000ce
arg :0x00000000 0x00007b80 0xffff0000 0x00007b84
    kern/init/init.c:52: grade_backtrace2+37
ebp:0x00007b78 eip:0x001000fc
arg :0x00000000 0xffff0000 0x00007ba4 0x00000029
    kern/init/init.c:57: grade_backtrace1+42
ebp:0x00007b98 eip:0x0010011f
arg :0x00000000 0x00100000 0xffff0000 0x0000001d
    kern/init/init.c:62: grade_backtrace0+27
ebp:0x00007bb8 eip:0x00100149
arg :0x00103a3c 0x00103a20 0x0000136a 0x00000000
    kern/init/init.c:67: grade_backtrace+38
ebp:0x00007be8 eip:0x00100055
arg :0x00000000 0x00000000 0x00000000 0x00007c4f
    kern/init/init.c:28: kern_init+84
ebp:0x00007bf8 eip:0x00007d74
arg :0xc031fcfa 0xc08ed88e 0x64e4d08e 0xfa7502a8
    <unknow>: -- 0x00007d73 --
++ setup timer interrupts
0: @ring 0
0:  cs = 8
0:  ds = 10
0:  es = 10
0:  ss = 10
+++ switch to  user  mode +++
1: @ring 3
1:  cs = 1b
1:  ds = 23
1:  es = 23
1:  ss = 23
+++ switch to kernel mode +++
2: @ring 0
2:  cs = 8
2:  ds = 10
2:  es = 10
2:  ss = 10
100 ticks
End of Test.
kernel panic at kern/trap/trap.c:18:
    EOT: kernel seems ok.
stack trackback:
ebp:0x00007ab0 eip:0x00100af7
arg :0x00103ae8 0x00007af4 0x00000012 0x00007b2c
    kern/debug/kdebug.c:306: print_stackframe+26
ebp:0x00007ae0 eip:0x0010049f
arg :0x00103dce 0x00000012 0x00103db8 0x00000010
    kern/debug/panic.c:27: __panic+107
ebp:0x00007b00 eip:0x00101975
arg :0x00007b38 0x001002c2 0x0010026b 0x00007b2c
    kern/trap/trap.c:0: print_ticks+69
ebp:0x00007b50 eip:0x00101ece
arg :0x00007b7c 0x0000000c 0x00111d54 0x00010094
    kern/trap/trap.c:197: trap_dispatch+166
ebp:0x00007b70 eip:0x001022d7
arg :0x00007b7c 0x00000000 0x00010094 0x00007be8
    kern/trap/trap.c:261: trap+20
ebp:0x00007be8 eip:0x00102d62
arg :0x00000000 0x00000000 0x00000000 0x00007c4f
    kern/trap/trapentry.S:24: <unknown>+0
ebp:0x00007bf8 eip:0x00007d74
arg :0xc031fcfa 0xc08ed88e 0x64e4d08e 0xfa7502a8
    <unknow>: -- 0x00007d73 --
Welcome to the kernel debug monitor!!
Type 'help' for a list of commands.
K> 