c[?7l[2J[0mSeaBIOS (version 1.13.0-1ubuntu1.1)


iPXE (http://ipxe.org) 00:03.0 CA00 PCI2.10 PnP PMM+07F8CA10+07ECCA10 CA00
Press Ctrl-B to configure iPXE (PCI 00:03.0)...                                                                               


Booting from Hard Disk..(THU.CST) os is loading ...

Special kernel symbols:
  entry  0x00100000 (phys)
  etext  0x0010380f (phys)
  edata  0x00110a16 (phys)
  end    0x00111d20 (phys)
Kernel executable memory footprint: 72KB
ebp:0x00007b28 eip:0x00100af3 arg :0x00010094 0x00010094 0x00007b58 0x001000ce
    kern/debug/kdebug.c:306: print_stackframe+26
ebp:0x00007b28 eip:0x00007b2c arg :0x00010094 0x00010094 0x00007b58 0x001000ce
    <unknow>: -- 0x00007b2b --
ebp:0x00007b28 eip:0x00007b2c arg :0x00010094 0x00010094 0x00007b58 0x001000ce
    <unknow>: -- 0x00007b2b --
ebp:0x00007b28 eip:0x00007b2c arg :0x00010094 0x00010094 0x00007b58 0x001000ce
    <unknow>: -- 0x00007b2b --
ebp:0x00007b28 eip:0x00007b2c arg :0x00010094 0x00010094 0x00007b58 0x001000ce
    <unknow>: -- 0x00007b2b --
ebp:0x00007b28 eip:0x00007b2c arg :0x00010094 0x00010094 0x00007b58 0x001000ce
    <unknow>: -- 0x00007b2b --
ebp:0x00007b28 eip:0x00007b2c arg :0x00010094 0x00010094 0x00007b58 0x001000ce
    <unknow>: -- 0x00007b2b --
ebp:0x00007b28 eip:0x00007b2c arg :0x00010094 0x00010094 0x00007b58 0x001000ce
    <unknow>: -- 0x00007b2b --
ebp:0x00007b28 eip:0x00007b2c arg :0x00010094 0x00010094 0x00007b58 0x001000ce
    <unknow>: -- 0x00007b2b --
ebp:0x00007b28 eip:0x00007b2c arg :0x00010094 0x00010094 0x00007b58 0x001000ce
    <unknow>: -- 0x00007b2b --
ebp:0x00007b28 eip:0x00007b2c arg :0x00010094 0x00010094 0x00007b58 0x001000ce
    <unknow>: -- 0x00007b2b --
ebp:0x00007b28 eip:0x00007b2c arg :0x00010094 0x00010094 0x00007b58 0x001000ce
    <unknow>: -- 0x00007b2b --
ebp:0x00007b28 eip:0x00007b2c arg :0x00010094 0x00010094 0x00007b58 0x001000ce
    <unknow>: -- 0x00007b2b --
ebp:0x00007b28 eip:0x00007b2c arg :0x00010094 0x00010094 0x00007b58 0x001000ce
    <unknow>: -- 0x00007b2b --
ebp:0x00007b28 eip:0x00007b2c arg :0x00010094 0x00010094 0x00007b58 0x001000ce
    <unknow>: -- 0x00007b2b --
ebp:0x00007b28 eip:0x00007b2c arg :0x00010094 0x00010094 0x00007b58 0x001000ce
    <unknow>: -- 0x00007b2b --
ebp:0x00007b28 eip:0x00007b2c arg :0x00010094 0x00010094 0x00007b58 0x001000ce
    <unknow>: -- 0x00007b2b --
ebp:0x00007b28 eip:0x00007b2c arg :0x00010094 0x00010094 0x00007b58 0x001000ce
    <unknow>: -- 0x00007b2b --
ebp:0x00007b28 eip:0x00007b2c arg :0x00010094 0x00010094 0x00007b58 0x001000ce
    <unknow>: -- 0x00007b2b --
ebp:0x00007b28 eip:0x00007b2c arg :0x00010094 0x00010094 0x00007b58 0x001000ce
    <unknow>: -- 0x00007b2b --
++ setup timer interrupts
0: @ring 0
0:  cs = 8
0:  ds = 10
0:  es = 10
0:  ss = 10
+++ switch to  user  mode +++
1: @ring 3
1:  cs = 1b
1:  ds = 23
1:  es = 23
1:  ss = 23
+++ switch to kernel mode +++
2: @ring 0
2:  cs = 8
2:  ds = 10
2:  es = 10
2:  ss = 10
100 ticks
End of Test.
kernel panic at kern/trap/trap.c:18:
    EOT: kernel seems ok.
stack trackback:
ebp:0x00007ad0 eip:0x00100af3 arg :0x001038e8 0x00007b14 0x00000012 0x00000000
    kern/debug/kdebug.c:306: print_stackframe+26
ebp:0x00007ad0 eip:0x00007ad4 arg :0x001038e8 0x00007b14 0x00000012 0x00000000
    <unknow>: -- 0x00007ad3 --
ebp:0x00007ad0 eip:0x00007ad4 arg :0x001038e8 0x00007b14 0x00000012 0x00000000
    <unknow>: -- 0x00007ad3 --
ebp:0x00007ad0 eip:0x00007ad4 arg :0x001038e8 0x00007b14 0x00000012 0x00000000
    <unknow>: -- 0x00007ad3 --
ebp:0x00007ad0 eip:0x00007ad4 arg :0x001038e8 0x00007b14 0x00000012 0x00000000
    <unknow>: -- 0x00007ad3 --
ebp:0x00007ad0 eip:0x00007ad4 arg :0x001038e8 0x00007b14 0x00000012 0x00000000
    <unknow>: -- 0x00007ad3 --
ebp:0x00007ad0 eip:0x00007ad4 arg :0x001038e8 0x00007b14 0x00000012 0x00000000
    <unknow>: -- 0x00007ad3 --
ebp:0x00007ad0 eip:0x00007ad4 arg :0x001038e8 0x00007b14 0x00000012 0x00000000
    <unknow>: -- 0x00007ad3 --
ebp:0x00007ad0 eip:0x00007ad4 arg :0x001038e8 0x00007b14 0x00000012 0x00000000
    <unknow>: -- 0x00007ad3 --
ebp:0x00007ad0 eip:0x00007ad4 arg :0x001038e8 0x00007b14 0x00000012 0x00000000
    <unknow>: -- 0x00007ad3 --
ebp:0x00007ad0 eip:0x00007ad4 arg :0x001038e8 0x00007b14 0x00000012 0x00000000
    <unknow>: -- 0x00007ad3 --
ebp:0x00007ad0 eip:0x00007ad4 arg :0x001038e8 0x00007b14 0x00000012 0x00000000
    <unknow>: -- 0x00007ad3 --
ebp:0x00007ad0 eip:0x00007ad4 arg :0x001038e8 0x00007b14 0x00000012 0x00000000
    <unknow>: -- 0x00007ad3 --
ebp:0x00007ad0 eip:0x00007ad4 arg :0x001038e8 0x00007b14 0x00000012 0x00000000
    <unknow>: -- 0x00007ad3 --
ebp:0x00007ad0 eip:0x00007ad4 arg :0x001038e8 0x00007b14 0x00000012 0x00000000
    <unknow>: -- 0x00007ad3 --
ebp:0x00007ad0 eip:0x00007ad4 arg :0x001038e8 0x00007b14 0x00000012 0x00000000
    <unknow>: -- 0x00007ad3 --
ebp:0x00007ad0 eip:0x00007ad4 arg :0x001038e8 0x00007b14 0x00000012 0x00000000
    <unknow>: -- 0x00007ad3 --
ebp:0x00007ad0 eip:0x00007ad4 arg :0x001038e8 0x00007b14 0x00000012 0x00000000
    <unknow>: -- 0x00007ad3 --
ebp:0x00007ad0 eip:0x00007ad4 arg :0x001038e8 0x00007b14 0x00000012 0x00000000
    <unknow>: -- 0x00007ad3 --
ebp:0x00007ad0 eip:0x00007ad4 arg :0x001038e8 0x00007b14 0x00000012 0x00000000
    <unknow>: -- 0x00007ad3 --
Welcome to the kernel debug monitor!!
Type 'help' for a list of commands.
K> 